#
# There is insufficient memory for the Java Runtime Environment to continue.
# Native memory allocation (malloc) failed to allocate 262160 bytes for Chunk::new
# Possible reasons:
#   The system is out of physical RAM or swap space
#   In 32 bit mode, the process size limit was hit
# Possible solutions:
#   Reduce memory load on the system
#   Increase physical memory or swap space
#   Check if swap backing store is full
#   Use 64 bit Java on a 64 bit OS
#   Decrease Java heap size (-Xmx/-Xms)
#   Decrease number of Java threads
#   Decrease Java thread stack sizes (-Xss)
#   Set larger code cache with -XX:ReservedCodeCacheSize=
# This output file may be truncated or incomplete.
#
#  Out of Memory Error (allocation.cpp:323), pid=5624, tid=2596
#
# JRE version: Java(TM) SE Runtime Environment (7.0_79-b15) (build 1.7.0_79-b15)
# Java VM: Java HotSpot(TM) 64-Bit Server VM (24.79-b02 mixed mode windows-amd64 compressed oops)
# Failed to write core dump. Minidumps are not enabled by default on client versions of Windows
#

---------------  T H R E A D  ---------------

Current thread (0x0000000007cf2800):  JavaThread "C2 CompilerThread0" daemon [_thread_in_native, id=2596, stack(0x0000000009260000,0x0000000009360000)]

Stack: [0x0000000009260000,0x0000000009360000]

Current CompileTask:
C2:   4461  179             com.android.dx.ssa.SCCP::run (298 bytes)


---------------  P R O C E S S  ---------------

Java Threads: ( => current thread )
  0x0000000009714800 JavaThread "pool-1-thread-4" [_thread_in_Java, id=5360, stack(0x0000000009e60000,0x0000000009f60000)]
  0x0000000009753000 JavaThread "pool-1-thread-3" [_thread_in_vm, id=3860, stack(0x0000000009d60000,0x0000000009e60000)]
  0x0000000009752000 JavaThread "pool-1-thread-2" [_thread_in_Java, id=4476, stack(0x0000000009c60000,0x0000000009d60000)]
  0x000000000972d000 JavaThread "pool-2-thread-1" [_thread_blocked, id=1224, stack(0x0000000009b60000,0x0000000009c60000)]
  0x000000000972c800 JavaThread "pool-1-thread-1" [_thread_in_Java, id=636, stack(0x0000000009a60000,0x0000000009b60000)]
  0x0000000007d03800 JavaThread "Service Thread" daemon [_thread_blocked, id=5124, stack(0x0000000009460000,0x0000000009560000)]
  0x0000000007cfd800 JavaThread "C2 CompilerThread1" daemon [_thread_blocked, id=2344, stack(0x0000000009360000,0x0000000009460000)]
=>0x0000000007cf2800 JavaThread "C2 CompilerThread0" daemon [_thread_in_native, id=2596, stack(0x0000000009260000,0x0000000009360000)]
  0x0000000007cf1800 JavaThread "Attach Listener" daemon [_thread_blocked, id=1856, stack(0x0000000009160000,0x0000000009260000)]
  0x0000000007cee800 JavaThread "Signal Dispatcher" daemon [_thread_blocked, id=5244, stack(0x0000000009060000,0x0000000009160000)]
  0x0000000007cbf800 JavaThread "Finalizer" daemon [_thread_blocked, id=6644, stack(0x0000000008f60000,0x0000000009060000)]
  0x0000000007cb6000 JavaThread "Reference Handler" daemon [_thread_blocked, id=884, stack(0x0000000008e60000,0x0000000008f60000)]
  0x0000000001e20800 JavaThread "main" [_thread_blocked, id=5600, stack(0x0000000001d20000,0x0000000001e20000)]

Other Threads:
  0x0000000007cb0800 VMThread [stack: 0x0000000008d60000,0x0000000008e60000] [id=6068]
  0x0000000007d13800 WatcherThread [stack: 0x0000000009560000,0x0000000009660000] [id=5928]

VM state:not at safepoint (normal execution)

VM Mutex/Monitor currently owned by a thread: None

Heap
 PSYoungGen      total 18944K, used 11003K [0x00000000eaa80000, 0x00000000ecf80000, 0x0000000100000000)
  eden space 16384K, 51% used [0x00000000eaa80000,0x00000000eb2c6d30,0x00000000eba80000)
  from space 2560K, 98% used [0x00000000eba80000,0x00000000ebcf8038,0x00000000ebd00000)
  to   space 2560K, 0% used [0x00000000ecd00000,0x00000000ecd00000,0x00000000ecf80000)
 ParOldGen       total 41984K, used 2109K [0x00000000c0000000, 0x00000000c2900000, 0x00000000eaa80000)
  object space 41984K, 5% used [0x00000000c0000000,0x00000000c020f588,0x00000000c2900000)
 PSPermGen       total 21504K, used 5667K [0x00000000bae00000, 0x00000000bc300000, 0x00000000c0000000)
  object space 21504K, 26% used [0x00000000bae00000,0x00000000bb388de8,0x00000000bc300000)

Card table byte_map: [0x0000000004f20000,0x0000000005150000] byte_map_base: 0x0000000004949000

Polling page: 0x00000000003b0000

Code Cache  [0x0000000001f20000, 0x0000000002190000, 0x0000000004f20000)
 total_blobs=443 nmethods=206 adapters=189 free_code_cache=48293Kb largest_free_block=49432832

Compilation events (10 events):
Event: 4.144 Thread 0x0000000007cfd800 nmethod 182 0x0000000001fc79d0 code [0x0000000001fc7b00, 0x0000000001fc7c58]
Event: 4.144 Thread 0x0000000007cfd800  183             com.android.dx.rop.code.BasicBlockList::labelToBlock (46 bytes)
Event: 4.147 Thread 0x0000000007cfd800 nmethod 183 0x0000000001fc5510 code [0x0000000001fc5660, 0x0000000001fc5798]
Event: 4.147 Thread 0x0000000007cfd800  184             com.android.dx.util.FixedSizeList::getOrNull0 (7 bytes)
Event: 4.148 Thread 0x0000000007cfd800 nmethod 184 0x0000000001fc5210 code [0x0000000001fc5340, 0x0000000001fc53d8]
Event: 4.148 Thread 0x0000000007cfd800  185             com.android.dx.util.Bits::clear (21 bytes)
Event: 4.148 Thread 0x0000000007cfd800 nmethod 185 0x0000000001fc3b90 code [0x0000000001fc3cc0, 0x0000000001fc3d58]
Event: 4.149 Thread 0x0000000007cfd800  186             com.android.dx.rop.code.BasicBlock::getPrimarySuccessor (5 bytes)
Event: 4.149 Thread 0x0000000007cfd800 nmethod 186 0x0000000001fc3990 code [0x0000000001fc3ac0, 0x0000000001fc3b18]
Event: 4.149 Thread 0x0000000007cfd800  187             com.android.dx.util.Bits::or (24 bytes)

GC Heap History (2 events):
Event: 2.838 GC heap before
{Heap before GC invocations=1 (full 0):
 PSYoungGen      total 18944K, used 16384K [0x00000000eaa80000, 0x00000000ebf80000, 0x0000000100000000)
  eden space 16384K, 100% used [0x00000000eaa80000,0x00000000eba80000,0x00000000eba80000)
  from space 2560K, 0% used [0x00000000ebd00000,0x00000000ebd00000,0x00000000ebf80000)
  to   space 2560K, 0% used [0x00000000eba80000,0x00000000eba80000,0x00000000ebd00000)
 ParOldGen       total 41984K, used 0K [0x00000000c0000000, 0x00000000c2900000, 0x00000000eaa80000)
  object space 41984K, 0% used [0x00000000c0000000,0x00000000c0000000,0x00000000c2900000)
 PSPermGen       total 21504K, used 5562K [0x00000000bae00000, 0x00000000bc300000, 0x00000000c0000000)
  object space 21504K, 25% used [0x00000000bae00000,0x00000000bb36ea20,0x00000000bc300000)
Event: 2.887 GC heap after
Heap after GC invocations=1 (full 0):
 PSYoungGen      total 18944K, used 2528K [0x00000000eaa80000, 0x00000000ecf80000, 0x0000000100000000)
  eden space 16384K, 0% used [0x00000000eaa80000,0x00000000eaa80000,0x00000000eba80000)
  from space 2560K, 98% used [0x00000000eba80000,0x00000000ebcf8038,0x00000000ebd00000)
  to   space 2560K, 0% used [0x00000000ecd00000,0x00000000ecd00000,0x00000000ecf80000)
 ParOldGen       total 41984K, used 2109K [0x00000000c0000000, 0x00000000c2900000, 0x00000000eaa80000)
  object space 41984K, 5% used [0x00000000c0000000,0x00000000c020f588,0x00000000c2900000)
 PSPermGen       total 21504K, used 5562K [0x00000000bae00000, 0x00000000bc300000, 0x00000000c0000000)
  object space 21504K, 25% used [0x00000000bae00000,0x00000000bb36ea20,0x00000000bc300000)
}

Deoptimization events (6 events):
Event: 2.181 Thread 0x000000000972c800 Uncommon trap: reason=null_check action=make_not_entrant pc=0x0000000001f9b9b8 method=com.android.dx.rop.code.LocalItem.equals(Ljava/lang/Object;)Z @ 1
Event: 3.067 Thread 0x0000000009752000 Uncommon trap: reason=class_check action=maybe_recompile pc=0x0000000001fb1f68 method=com.android.dx.ssa.NormalSsaInsn.accept(Lcom/android/dx/ssa/SsaInsn$Visitor;)V @ 9
Event: 3.067 Thread 0x0000000009752000 Uncommon trap: reason=class_check action=maybe_recompile pc=0x0000000001fb1f68 method=com.android.dx.ssa.NormalSsaInsn.accept(Lcom/android/dx/ssa/SsaInsn$Visitor;)V @ 9
Event: 3.067 Thread 0x0000000009752000 Uncommon trap: reason=class_check action=maybe_recompile pc=0x0000000001fb1f68 method=com.android.dx.ssa.NormalSsaInsn.accept(Lcom/android/dx/ssa/SsaInsn$Visitor;)V @ 9
Event: 3.069 Thread 0x0000000009752000 Uncommon trap: reason=class_check action=maybe_recompile pc=0x0000000001fb1f68 method=com.android.dx.ssa.NormalSsaInsn.accept(Lcom/android/dx/ssa/SsaInsn$Visitor;)V @ 9
Event: 3.070 Thread 0x0000000009752000 Uncommon trap: reason=class_check action=maybe_recompile pc=0x0000000001f923d8 method=com.android.dx.ssa.NormalSsaInsn.accept(Lcom/android/dx/ssa/SsaInsn$Visitor;)V @ 9

Internal exceptions (10 events):
Event: 1.576 Thread 0x000000000972c800 Threw 0x00000000eb180a30 at C:\re\jdk7u79\2331\hotspot\src\share\vm\prims\jvm.cpp:1304
Event: 1.593 Thread 0x0000000009714800 Threw 0x00000000eb2417c0 at C:\re\jdk7u79\2331\hotspot\src\share\vm\prims\jvm.cpp:1304
Event: 1.617 Thread 0x0000000009752000 Threw 0x00000000eb38fac8 at C:\re\jdk7u79\2331\hotspot\src\share\vm\prims\jvm.cpp:1304
Event: 1.752 Thread 0x0000000001e20800 Threw 0x00000000eb330948 at C:\re\jdk7u79\2331\hotspot\src\share\vm\prims\jvm.cpp:1304
Event: 1.953 Thread 0x0000000001e20800 Threw 0x00000000eb480c78 at C:\re\jdk7u79\2331\hotspot\src\share\vm\prims\jvm.cpp:1304
Event: 1.953 Thread 0x0000000001e20800 Threw 0x00000000eb4833c8 at C:\re\jdk7u79\2331\hotspot\src\share\vm\prims\jvm.cpp:1304
Event: 1.954 Thread 0x0000000001e20800 Threw 0x00000000eb485e88 at C:\re\jdk7u79\2331\hotspot\src\share\vm\prims\jvm.cpp:1304
Event: 1.975 Thread 0x0000000001e20800 Threw 0x00000000eb528818 at C:\re\jdk7u79\2331\hotspot\src\share\vm\prims\jvm.cpp:1304
Event: 2.181 Thread 0x000000000972c800 Implicit null exception at 0x0000000001f9b659 to 0x0000000001f9b9a5
Event: 2.196 Thread 0x0000000009714800 Threw 0x00000000eb692e18 at C:\re\jdk7u79\2331\hotspot\src\share\vm\prims\jvm.cpp:1304

Events (10 events):
Event: 3.069 Thread 0x0000000009752000 DEOPT UNPACKING pc=0x0000000001f575a4 sp=0x0000000009d5eb40 mode 2
Event: 3.070 Thread 0x0000000009752000 Uncommon trap: trap_request=0xffffffde fr.pc=0x0000000001f923d8
Event: 3.070 Thread 0x0000000009752000 DEOPT PACKING pc=0x0000000001f923d8 sp=0x0000000009d5ec20
Event: 3.070 Thread 0x0000000009752000 DEOPT UNPACKING pc=0x0000000001f575a4 sp=0x0000000009d5eb70 mode 2
Event: 3.382 loading class 0x0000000007d18390
Event: 3.382 loading class 0x0000000007d18390 done
Event: 3.382 loading class 0x0000000007d18360
Event: 3.383 loading class 0x0000000007d18360 done
Event: 3.383 Executing VM operation: Deoptimize
Event: 3.772 Executing VM operation: Deoptimize done


Dynamic libraries:
0x00007ff7cdb30000 - 0x00007ff7cdb63000 	C:\Program Files\Java\jdk1.7.0_79\bin\java.exe
0x00007ff88bcb0000 - 0x00007ff88be5c000 	C:\Windows\SYSTEM32\ntdll.dll
0x00007ff889ad0000 - 0x00007ff889c0e000 	C:\Windows\system32\KERNEL32.DLL
0x00007ff889100000 - 0x00007ff889215000 	C:\Windows\system32\KERNELBASE.dll
0x00007ff8879a0000 - 0x00007ff887a2e000 	C:\Windows\system32\apphelp.dll
0x00007ff878e40000 - 0x00007ff878e93000 	C:\Windows\AppPatch\AppPatch64\AcGenral.DLL
0x00007ff889d70000 - 0x00007ff889e1a000 	C:\Windows\system32\msvcrt.dll
0x00007ff888c30000 - 0x00007ff888c5e000 	C:\Windows\SYSTEM32\SspiCli.dll
0x00007ff88b900000 - 0x00007ff88b954000 	C:\Windows\system32\SHLWAPI.dll
0x00007ff8895a0000 - 0x00007ff889717000 	C:\Windows\system32\USER32.dll
0x00007ff88bab0000 - 0x00007ff88bc44000 	C:\Windows\system32\ole32.dll
0x00007ff88a3d0000 - 0x00007ff88b8fb000 	C:\Windows\system32\SHELL32.dll
0x00007ff888400000 - 0x00007ff888421000 	C:\Windows\SYSTEM32\USERENV.dll
0x00007ff8894e0000 - 0x00007ff88958a000 	C:\Windows\system32\ADVAPI32.dll
0x00007ff8816b0000 - 0x00007ff8816ce000 	C:\Windows\SYSTEM32\MPR.dll
0x00007ff88b960000 - 0x00007ff88baa1000 	C:\Windows\system32\RPCRT4.dll
0x00007ff8897d0000 - 0x00007ff889829000 	C:\Windows\SYSTEM32\sechost.dll
0x00007ff889830000 - 0x00007ff889a41000 	C:\Windows\SYSTEM32\combase.dll
0x00007ff889c10000 - 0x00007ff889d5f000 	C:\Windows\system32\GDI32.dll
0x00007ff888e00000 - 0x00007ff888e15000 	C:\Windows\SYSTEM32\profapi.dll
0x00007ff887370000 - 0x00007ff887422000 	C:\Windows\SYSTEM32\SHCORE.dll
0x00007ff889720000 - 0x00007ff889756000 	C:\Windows\system32\IMM32.DLL
0x00007ff88a0c0000 - 0x00007ff88a212000 	C:\Windows\system32\MSCTF.dll
0x00007ff8867a0000 - 0x00007ff886a1b000 	C:\Windows\WinSxS\amd64_microsoft.windows.common-controls_6595b64144ccf1df_6.0.9600.18006_none_623f33d3ecbe86e8\COMCTL32.dll
0x00000000612b0000 - 0x0000000061382000 	C:\Program Files\Java\jdk1.7.0_79\jre\bin\msvcr100.dll
0x000000005fe10000 - 0x00000000605e5000 	C:\Program Files\Java\jdk1.7.0_79\jre\bin\server\jvm.dll
0x00007ff886fe0000 - 0x00007ff886fe9000 	C:\Windows\SYSTEM32\WSOCK32.dll
0x00007ff87a4c0000 - 0x00007ff87a4e2000 	C:\Windows\SYSTEM32\WINMM.dll
0x00007ff8897c0000 - 0x00007ff8897c7000 	C:\Windows\system32\PSAPI.DLL
0x00007ff889760000 - 0x00007ff8897ba000 	C:\Windows\system32\WS2_32.dll
0x00007ff87a490000 - 0x00007ff87a4ba000 	C:\Windows\SYSTEM32\WINMMBASE.dll
0x00007ff889590000 - 0x00007ff889599000 	C:\Windows\system32\NSI.dll
0x00007ff888ed0000 - 0x00007ff888f1f000 	C:\Windows\SYSTEM32\cfgmgr32.dll
0x00007ff887bf0000 - 0x00007ff887c18000 	C:\Windows\SYSTEM32\DEVOBJ.dll
0x0000000061750000 - 0x000000006175f000 	C:\Program Files\Java\jdk1.7.0_79\jre\bin\verify.dll
0x00000000616f0000 - 0x0000000061718000 	C:\Program Files\Java\jdk1.7.0_79\jre\bin\java.dll
0x00000000616d0000 - 0x00000000616e5000 	C:\Program Files\Java\jdk1.7.0_79\jre\bin\zip.dll
0x00000000616b0000 - 0x00000000616ca000 	C:\Program Files\Java\jdk1.7.0_79\jre\bin\net.dll
0x00007ff888670000 - 0x00007ff8886c9000 	C:\Windows\system32\mswsock.dll
0x0000000061690000 - 0x00000000616a1000 	C:\Program Files\Java\jdk1.7.0_79\jre\bin\nio.dll

VM Arguments:
jvm_args: -Xmx1024M -Dfile.encoding=windows-1252 -Duser.country=US -Duser.language=en -Duser.variant 
java_command: com.android.dx.command.Main --dex --num-threads=4 --output D:\NewWalletApp\app\build\intermediates\pre-dexed\debug\commons-codec-16de9f3e4fc1daeab2508a466b65d95736718587.jar D:\NewWalletApp\app\src\main\jniLibs\commons-codec.jar
Launcher Type: SUN_STANDARD

Environment Variables:
PATH=C:\ProgramData\Oracle\Java\javapath;C:\Windows\system32;C:\Windows;C:\Windows\System32\Wbem;C:\Windows\System32\WindowsPowerShell\v1.0\;C:\Program Files (x86)\Windows Kits\8.1\Windows Performance Toolkit\;C:\Program Files\Microsoft SQL Server\110\Tools\Binn\;C:\Program Files\Microsoft SQL Server\Client SDK\ODBC\110\Tools\Binn\;C:\Program Files (x86)\Microsoft SQL Server\120\Tools\Binn\;C:\Program Files\Microsoft SQL Server\120\Tools\Binn\;C:\Program Files\Microsoft SQL Server\120\DTS\Binn\;C:\Program Files (x86)\Microsoft SQL Server\120\Tools\Binn\ManagementStudio\;C:\Program Files (x86)\Microsoft SQL Server\120\DTS\Binn\
USERNAME=Omar Saad
OS=Windows_NT
PROCESSOR_IDENTIFIER=Intel64 Family 6 Model 42 Stepping 7, GenuineIntel



---------------  S Y S T E M  ---------------

OS: Windows 8.1 , 64 bit Build 9600 

CPU:total 4 (2 cores per cpu, 2 threads per core) family 6 model 42 stepping 7, cmov, cx8, fxsr, mmx, sse, sse2, sse3, ssse3, sse4.1, sse4.2, popcnt, avx, ht, tsc, tscinvbit

Memory: 4k page, physical 4044380k(187960k free), swap 7190108k(11368k free)

vm_info: Java HotSpot(TM) 64-Bit Server VM (24.79-b02) for windows-amd64 JRE (1.7.0_79-b15), built on Apr 10 2015 12:36:16 by "java_re" with unknown MS VC++:1600

time: Tue Oct 27 17:17:39 2015
elapsed time: 4 seconds

