#
# There is insufficient memory for the Java Runtime Environment to continue.
# Native memory allocation (malloc) failed to allocate 65552 bytes for Chunk::new
# Possible reasons:
#   The system is out of physical RAM or swap space
#   In 32 bit mode, the process size limit was hit
# Possible solutions:
#   Reduce memory load on the system
#   Increase physical memory or swap space
#   Check if swap backing store is full
#   Use 64 bit Java on a 64 bit OS
#   Decrease Java heap size (-Xmx/-Xms)
#   Decrease number of Java threads
#   Decrease Java thread stack sizes (-Xss)
#   Set larger code cache with -XX:ReservedCodeCacheSize=
# This output file may be truncated or incomplete.
#
#  Out of Memory Error (allocation.cpp:323), pid=6484, tid=3556
#
# JRE version: Java(TM) SE Runtime Environment (7.0_79-b15) (build 1.7.0_79-b15)
# Java VM: Java HotSpot(TM) 64-Bit Server VM (24.79-b02 mixed mode windows-amd64 compressed oops)
# Failed to write core dump. Minidumps are not enabled by default on client versions of Windows
#

---------------  T H R E A D  ---------------

Current thread (0x00000000088fd800):  JavaThread "C2 CompilerThread1" daemon [_thread_in_native, id=3556, stack(0x0000000009f60000,0x000000000a060000)]

Stack: [0x0000000009f60000,0x000000000a060000]

Current CompileTask:
C2:   4441  171             com.android.dx.ssa.Dominators::run (506 bytes)


---------------  P R O C E S S  ---------------

Java Threads: ( => current thread )
  0x000000000a441000 JavaThread "pool-1-thread-4" [_thread_in_Java, id=5280, stack(0x000000000aa60000,0x000000000ab60000)]
  0x000000000a43e000 JavaThread "pool-1-thread-3" [_thread_in_Java, id=6188, stack(0x000000000a960000,0x000000000aa60000)]
  0x000000000a43b800 JavaThread "pool-1-thread-2" [_thread_blocked, id=3336, stack(0x000000000a860000,0x000000000a960000)]
  0x000000000a312000 JavaThread "pool-2-thread-1" [_thread_blocked, id=5992, stack(0x000000000a760000,0x000000000a860000)]
  0x000000000a311000 JavaThread "pool-1-thread-1" [_thread_in_Java, id=6304, stack(0x000000000a660000,0x000000000a760000)]
  0x0000000008903800 JavaThread "Service Thread" daemon [_thread_blocked, id=7144, stack(0x000000000a060000,0x000000000a160000)]
=>0x00000000088fd800 JavaThread "C2 CompilerThread1" daemon [_thread_in_native, id=3556, stack(0x0000000009f60000,0x000000000a060000)]
  0x00000000088fa800 JavaThread "C2 CompilerThread0" daemon [_thread_blocked, id=2592, stack(0x0000000009e60000,0x0000000009f60000)]
  0x00000000088f9800 JavaThread "Attach Listener" daemon [_thread_blocked, id=4896, stack(0x0000000009d60000,0x0000000009e60000)]
  0x00000000088f6800 JavaThread "Signal Dispatcher" daemon [_thread_blocked, id=4812, stack(0x0000000009c60000,0x0000000009d60000)]
  0x00000000088bf800 JavaThread "Finalizer" daemon [_thread_blocked, id=5376, stack(0x0000000009b60000,0x0000000009c60000)]
  0x00000000088b6000 JavaThread "Reference Handler" daemon [_thread_blocked, id=6532, stack(0x0000000009a60000,0x0000000009b60000)]
  0x0000000002a00800 JavaThread "main" [_thread_in_Java, id=2384, stack(0x0000000002900000,0x0000000002a00000)]

Other Threads:
  0x00000000088b0800 VMThread [stack: 0x0000000009960000,0x0000000009a60000] [id=6232]
  0x0000000008911800 WatcherThread [stack: 0x000000000a160000,0x000000000a260000] [id=6464]

VM state:not at safepoint (normal execution)

VM Mutex/Monitor currently owned by a thread: None

Heap
 PSYoungGen      total 18944K, used 11493K [0x00000000eaa80000, 0x00000000ecf80000, 0x0000000100000000)
  eden space 16384K, 54% used [0x00000000eaa80000,0x00000000eb33a880,0x00000000eba80000)
  from space 2560K, 99% used [0x00000000eba80000,0x00000000ebcfeef0,0x00000000ebd00000)
  to   space 2560K, 0% used [0x00000000ecd00000,0x00000000ecd00000,0x00000000ecf80000)
 ParOldGen       total 41984K, used 1805K [0x00000000c0000000, 0x00000000c2900000, 0x00000000eaa80000)
  object space 41984K, 4% used [0x00000000c0000000,0x00000000c01c36e0,0x00000000c2900000)
 PSPermGen       total 21504K, used 5666K [0x00000000bae00000, 0x00000000bc300000, 0x00000000c0000000)
  object space 21504K, 26% used [0x00000000bae00000,0x00000000bb388878,0x00000000bc300000)

Card table byte_map: [0x0000000005b00000,0x0000000005d30000] byte_map_base: 0x0000000005529000

Polling page: 0x00000000027b0000

Code Cache  [0x0000000002b00000, 0x0000000002d70000, 0x0000000005b00000)
 total_blobs=417 nmethods=180 adapters=189 free_code_cache=48399Kb largest_free_block=49529088

Compilation events (10 events):
Event: 4.132 Thread 0x00000000088fa800  168             com.android.dx.rop.code.BasicBlock::getPrimarySuccessor (5 bytes)
Event: 4.132 Thread 0x00000000088fa800 nmethod 168 0x0000000002b9a490 code [0x0000000002b9a5c0, 0x0000000002b9a618]
Event: 4.139 Thread 0x00000000088fd800  169             com.android.dx.cf.code.Ropper::getAvailableLabel (54 bytes)
Event: 4.149 Thread 0x00000000088fd800 nmethod 169 0x0000000002ba3f10 code [0x0000000002ba4060, 0x0000000002ba43b8]
Event: 4.151 Thread 0x00000000088fa800  170             com.android.dx.rop.code.BasicBlockList::labelToBlock (46 bytes)
Event: 4.152 Thread 0x00000000088fd800  171             com.android.dx.ssa.Dominators::run (506 bytes)
Event: 4.153 Thread 0x00000000088fa800 nmethod 170 0x0000000002ba3a10 code [0x0000000002ba3b60, 0x0000000002ba3c98]
Event: 4.154 Thread 0x00000000088fa800  172             com.android.dx.util.Bits::makeBitSet (11 bytes)
Event: 4.155 Thread 0x00000000088fa800 nmethod 172 0x0000000002bace50 code [0x0000000002bacfa0, 0x0000000002bad078]
Event: 4.159 Thread 0x00000000088fa800  173             com.android.dx.ssa.back.LivenessAnalyzer::run (231 bytes)

GC Heap History (2 events):
Event: 2.635 GC heap before
{Heap before GC invocations=1 (full 0):
 PSYoungGen      total 18944K, used 16384K [0x00000000eaa80000, 0x00000000ebf80000, 0x0000000100000000)
  eden space 16384K, 100% used [0x00000000eaa80000,0x00000000eba80000,0x00000000eba80000)
  from space 2560K, 0% used [0x00000000ebd00000,0x00000000ebd00000,0x00000000ebf80000)
  to   space 2560K, 0% used [0x00000000eba80000,0x00000000eba80000,0x00000000ebd00000)
 ParOldGen       total 41984K, used 0K [0x00000000c0000000, 0x00000000c2900000, 0x00000000eaa80000)
  object space 41984K, 0% used [0x00000000c0000000,0x00000000c0000000,0x00000000c2900000)
 PSPermGen       total 21504K, used 5520K [0x00000000bae00000, 0x00000000bc300000, 0x00000000c0000000)
  object space 21504K, 25% used [0x00000000bae00000,0x00000000bb364228,0x00000000bc300000)
Event: 2.867 GC heap after
Heap after GC invocations=1 (full 0):
 PSYoungGen      total 18944K, used 2555K [0x00000000eaa80000, 0x00000000ecf80000, 0x0000000100000000)
  eden space 16384K, 0% used [0x00000000eaa80000,0x00000000eaa80000,0x00000000eba80000)
  from space 2560K, 99% used [0x00000000eba80000,0x00000000ebcfeef0,0x00000000ebd00000)
  to   space 2560K, 0% used [0x00000000ecd00000,0x00000000ecd00000,0x00000000ecf80000)
 ParOldGen       total 41984K, used 1805K [0x00000000c0000000, 0x00000000c2900000, 0x00000000eaa80000)
  object space 41984K, 4% used [0x00000000c0000000,0x00000000c01c36e0,0x00000000c2900000)
 PSPermGen       total 21504K, used 5520K [0x00000000bae00000, 0x00000000bc300000, 0x00000000c0000000)
  object space 21504K, 25% used [0x00000000bae00000,0x00000000bb364228,0x00000000bc300000)
}

Deoptimization events (2 events):
Event: 3.381 Thread 0x000000000a43e000 Uncommon trap: reason=unreached action=reinterpret pc=0x0000000002b81604 method=com.android.dx.rop.cst.Constant.compareTo(Lcom/android/dx/rop/cst/Constant;)I @ 12
Event: 4.008 Thread 0x000000000a43e000 Uncommon trap: reason=unreached action=reinterpret pc=0x0000000002bb5730 method=com.android.dx.ssa.SsaRenamer$BlockRenamer.process()V @ 90

Internal exceptions (10 events):
Event: 1.922 Thread 0x0000000002a00800 Threw 0x00000000eb5a7a38 at C:\re\jdk7u79\2331\hotspot\src\share\vm\prims\jvm.cpp:1304
Event: 1.923 Thread 0x0000000002a00800 Threw 0x00000000eb5a9e88 at C:\re\jdk7u79\2331\hotspot\src\share\vm\prims\jvm.cpp:1304
Event: 2.106 Thread 0x0000000002a00800 Threw 0x00000000eb742488 at C:\re\jdk7u79\2331\hotspot\src\share\vm\prims\jvm.cpp:1304
Event: 2.106 Thread 0x0000000002a00800 Threw 0x00000000eb7446f0 at C:\re\jdk7u79\2331\hotspot\src\share\vm\prims\jvm.cpp:1304
Event: 2.107 Thread 0x0000000002a00800 Threw 0x00000000eb7988c0 at C:\re\jdk7u79\2331\hotspot\src\share\vm\prims\jvm.cpp:1304
Event: 3.010 Thread 0x000000000a43e000 Threw 0x00000000ead202c8 at C:\re\jdk7u79\2331\hotspot\src\share\vm\prims\jvm.cpp:1304
Event: 3.041 Thread 0x000000000a43e000 Threw 0x00000000ead2e7c8 at C:\re\jdk7u79\2331\hotspot\src\share\vm\prims\jvm.cpp:1304
Event: 3.411 Thread 0x000000000a441000 Threw 0x00000000eafe9100 at C:\re\jdk7u79\2331\hotspot\src\share\vm\prims\jvm.cpp:1304
Event: 3.412 Thread 0x000000000a441000 Threw 0x00000000eafee8f0 at C:\re\jdk7u79\2331\hotspot\src\share\vm\prims\jvm.cpp:1304
Event: 4.135 Thread 0x000000000a441000 Threw 0x00000000eaff3c80 at C:\re\jdk7u79\2331\hotspot\src\share\vm\prims\jvm.cpp:1304

Events (10 events):
Event: 3.385 loading class 0x0000000002a7dc80 done
Event: 3.411 loading class 0x000000000a4474d0
Event: 3.411 loading class 0x000000000a4474d0 done
Event: 3.412 loading class 0x000000000a3e7c10
Event: 3.412 loading class 0x000000000a3e7c10 done
Event: 4.008 Thread 0x000000000a43e000 Uncommon trap: trap_request=0xffffffad fr.pc=0x0000000002bb5730
Event: 4.008 Thread 0x000000000a43e000 DEOPT PACKING pc=0x0000000002bb5730 sp=0x000000000aa5edb0
Event: 4.008 Thread 0x000000000a43e000 DEOPT UNPACKING pc=0x0000000002b375a4 sp=0x000000000aa5ed98 mode 2
Event: 4.135 loading class 0x000000000a3e7a10
Event: 4.135 loading class 0x000000000a3e7a10 done


Dynamic libraries:
0x00007ff7cdb30000 - 0x00007ff7cdb63000 	C:\Program Files\Java\jdk1.7.0_79\bin\java.exe
0x00007ff88bcb0000 - 0x00007ff88be5c000 	C:\Windows\SYSTEM32\ntdll.dll
0x00007ff889ad0000 - 0x00007ff889c0e000 	C:\Windows\system32\KERNEL32.DLL
0x00007ff889100000 - 0x00007ff889215000 	C:\Windows\system32\KERNELBASE.dll
0x00007ff8879a0000 - 0x00007ff887a2e000 	C:\Windows\system32\apphelp.dll
0x00007ff878e40000 - 0x00007ff878e93000 	C:\Windows\AppPatch\AppPatch64\AcGenral.DLL
0x00007ff889d70000 - 0x00007ff889e1a000 	C:\Windows\system32\msvcrt.dll
0x00007ff888c30000 - 0x00007ff888c5e000 	C:\Windows\SYSTEM32\SspiCli.dll
0x00007ff88b900000 - 0x00007ff88b954000 	C:\Windows\system32\SHLWAPI.dll
0x00007ff8895a0000 - 0x00007ff889717000 	C:\Windows\system32\USER32.dll
0x00007ff88bab0000 - 0x00007ff88bc44000 	C:\Windows\system32\ole32.dll
0x00007ff88a3d0000 - 0x00007ff88b8fb000 	C:\Windows\system32\SHELL32.dll
0x00007ff888400000 - 0x00007ff888421000 	C:\Windows\SYSTEM32\USERENV.dll
0x00007ff8894e0000 - 0x00007ff88958a000 	C:\Windows\system32\ADVAPI32.dll
0x00007ff8816b0000 - 0x00007ff8816ce000 	C:\Windows\SYSTEM32\MPR.dll
0x00007ff88b960000 - 0x00007ff88baa1000 	C:\Windows\system32\RPCRT4.dll
0x00007ff8897d0000 - 0x00007ff889829000 	C:\Windows\SYSTEM32\sechost.dll
0x00007ff889830000 - 0x00007ff889a41000 	C:\Windows\SYSTEM32\combase.dll
0x00007ff889c10000 - 0x00007ff889d5f000 	C:\Windows\system32\GDI32.dll
0x00007ff888e00000 - 0x00007ff888e15000 	C:\Windows\SYSTEM32\profapi.dll
0x00007ff887370000 - 0x00007ff887422000 	C:\Windows\SYSTEM32\SHCORE.dll
0x00007ff889720000 - 0x00007ff889756000 	C:\Windows\system32\IMM32.DLL
0x00007ff88a0c0000 - 0x00007ff88a212000 	C:\Windows\system32\MSCTF.dll
0x00007ff8867a0000 - 0x00007ff886a1b000 	C:\Windows\WinSxS\amd64_microsoft.windows.common-controls_6595b64144ccf1df_6.0.9600.18006_none_623f33d3ecbe86e8\COMCTL32.dll
0x00000000612b0000 - 0x0000000061382000 	C:\Program Files\Java\jdk1.7.0_79\jre\bin\msvcr100.dll
0x000000005fe10000 - 0x00000000605e5000 	C:\Program Files\Java\jdk1.7.0_79\jre\bin\server\jvm.dll
0x00007ff886fe0000 - 0x00007ff886fe9000 	C:\Windows\SYSTEM32\WSOCK32.dll
0x00007ff87a4c0000 - 0x00007ff87a4e2000 	C:\Windows\SYSTEM32\WINMM.dll
0x00007ff8897c0000 - 0x00007ff8897c7000 	C:\Windows\system32\PSAPI.DLL
0x00007ff889760000 - 0x00007ff8897ba000 	C:\Windows\system32\WS2_32.dll
0x00007ff87a490000 - 0x00007ff87a4ba000 	C:\Windows\SYSTEM32\WINMMBASE.dll
0x00007ff889590000 - 0x00007ff889599000 	C:\Windows\system32\NSI.dll
0x00007ff888ed0000 - 0x00007ff888f1f000 	C:\Windows\SYSTEM32\cfgmgr32.dll
0x00007ff887bf0000 - 0x00007ff887c18000 	C:\Windows\SYSTEM32\DEVOBJ.dll
0x0000000061750000 - 0x000000006175f000 	C:\Program Files\Java\jdk1.7.0_79\jre\bin\verify.dll
0x00000000616f0000 - 0x0000000061718000 	C:\Program Files\Java\jdk1.7.0_79\jre\bin\java.dll
0x00000000616d0000 - 0x00000000616e5000 	C:\Program Files\Java\jdk1.7.0_79\jre\bin\zip.dll
0x00000000616b0000 - 0x00000000616ca000 	C:\Program Files\Java\jdk1.7.0_79\jre\bin\net.dll
0x00007ff888670000 - 0x00007ff8886c9000 	C:\Windows\system32\mswsock.dll
0x0000000061690000 - 0x00000000616a1000 	C:\Program Files\Java\jdk1.7.0_79\jre\bin\nio.dll

VM Arguments:
jvm_args: -Xmx1024M -Dfile.encoding=windows-1252 -Duser.country=US -Duser.language=en -Duser.variant 
java_command: com.android.dx.command.Main --dex --num-threads=4 --output D:\NewWalletApp\app\build\intermediates\pre-dexed\debug\classes-4f5298469406e1e13437af9e7dbf9a755e395dcb.jar D:\NewWalletApp\app\build\intermediates\exploded-aar\com.android.support\support-v4\21.0.3\jars\classes.jar
Launcher Type: SUN_STANDARD

Environment Variables:
PATH=C:\ProgramData\Oracle\Java\javapath;C:\Windows\system32;C:\Windows;C:\Windows\System32\Wbem;C:\Windows\System32\WindowsPowerShell\v1.0\;C:\Program Files (x86)\Windows Kits\8.1\Windows Performance Toolkit\;C:\Program Files\Microsoft SQL Server\110\Tools\Binn\;C:\Program Files\Microsoft SQL Server\Client SDK\ODBC\110\Tools\Binn\;C:\Program Files (x86)\Microsoft SQL Server\120\Tools\Binn\;C:\Program Files\Microsoft SQL Server\120\Tools\Binn\;C:\Program Files\Microsoft SQL Server\120\DTS\Binn\;C:\Program Files (x86)\Microsoft SQL Server\120\Tools\Binn\ManagementStudio\;C:\Program Files (x86)\Microsoft SQL Server\120\DTS\Binn\
USERNAME=Omar Saad
OS=Windows_NT
PROCESSOR_IDENTIFIER=Intel64 Family 6 Model 42 Stepping 7, GenuineIntel



---------------  S Y S T E M  ---------------

OS: Windows 8.1 , 64 bit Build 9600 

CPU:total 4 (2 cores per cpu, 2 threads per core) family 6 model 42 stepping 7, cmov, cx8, fxsr, mmx, sse, sse2, sse3, ssse3, sse4.1, sse4.2, popcnt, avx, ht, tsc, tscinvbit

Memory: 4k page, physical 4044380k(187960k free), swap 7190108k(11384k free)

vm_info: Java HotSpot(TM) 64-Bit Server VM (24.79-b02) for windows-amd64 JRE (1.7.0_79-b15), built on Apr 10 2015 12:36:16 by "java_re" with unknown MS VC++:1600

time: Tue Oct 27 17:17:39 2015
elapsed time: 4 seconds

